<?xml version="1.0" encoding="UTF-8" standalone="no"?>
<!DOCTYPE log SYSTEM "logger.dtd">
<log>
<record>
  <date>2025-11-25T16:45:05.890818500Z</date>
  <millis>1764089105890</millis>
  <nanos>818500</nanos>
  <sequence>0</sequence>
  <logger>fr.tp.inf112.projects.robotsim.app.SimulatorApplication</logger>
  <level>INFO</level>
  <class>fr.tp.inf112.projects.robotsim.app.SimulatorApplication</class>
  <method>main</method>
  <thread>1</thread>
  <message>Starting the robot simulator...</message>
</record>
<record>
  <date>2025-11-25T16:45:06.004893700Z</date>
  <millis>1764089106004</millis>
  <nanos>893700</nanos>
  <sequence>1</sequence>
  <logger>fr.tp.inf112.projects.robotsim.app.SimulatorApplication</logger>
  <level>CONFIG</level>
  <class>fr.tp.inf112.projects.robotsim.app.SimulatorApplication</class>
  <method>main</method>
  <thread>1</thread>
  <message>With parameters [].</message>
</record>
</log>
